<?xml version="1.0" encoding="UTF-8"?>
<!-- Generated by org.testng.reporters.JUnitReportReporter -->
<testsuite hostname="Navin-PC" name="com.maven.selenium.FirstTest" tests="1" failures="0" timestamp="18 Nov 2017 06:57:14 GMT" time="11.163" errors="0">
  <testcase name="test1" time="11.163" classname="com.maven.selenium.FirstTest"/>
</testsuite> <!-- com.maven.selenium.FirstTest -->
