<?xml version="1.0" encoding="UTF-8"?>
<!-- Generated by org.testng.reporters.JUnitReportReporter -->
<testsuite skipped="1" hostname="Navin-PC" name="com.testscripts.LoginPageTest" tests="6" failures="0" timestamp="09 Dec 2017 05:31:52 GMT" time="21.715" errors="0">
  <testcase name="loginTest" time="1.274" classname="com.testscripts.LoginPageTest"/>
  <testcase name="loginTest" time="2.019" classname="com.testscripts.LoginPageTest"/>
  <testcase name="loginTest" time="1.322" classname="com.testscripts.LoginPageTest"/>
  <testcase name="ScenarioTest" time="15.283" classname="com.testscripts.LoginPageTest"/>
  <testcase name="loginTest" time="0.469" classname="com.testscripts.LoginPageTest">
    <skipped/>
  </testcase> <!-- loginTest -->
  <testcase name="loginTest" time="1.348" classname="com.testscripts.LoginPageTest"/>
</testsuite> <!-- com.testscripts.LoginPageTest -->
