<?xml version="1.0" encoding="UTF-8"?>
<!-- Generated by org.testng.reporters.JUnitReportReporter -->
<testsuite skipped="1" hostname="Navin-PC" name="com.testscripts.LoginPageTest" tests="6" failures="0" timestamp="09 Dec 2017 05:49:02 GMT" time="20.981" errors="0">
  <testcase name="ScenarioTest" time="14.824" classname="com.testscripts.LoginPageTest"/>
  <testcase name="loginTest" time="1.908" classname="com.testscripts.LoginPageTest"/>
  <testcase name="loginTest" time="1.256" classname="com.testscripts.LoginPageTest"/>
  <testcase name="loginTest" time="0.452" classname="com.testscripts.LoginPageTest">
    <skipped/>
  </testcase> <!-- loginTest -->
  <testcase name="loginTest" time="1.241" classname="com.testscripts.LoginPageTest"/>
  <testcase name="loginTest" time="1.300" classname="com.testscripts.LoginPageTest"/>
</testsuite> <!-- com.testscripts.LoginPageTest -->
