<?xml version="1.0" encoding="UTF-8"?>
<!-- Generated by org.testng.reporters.JUnitReportReporter -->
<testsuite hostname="Navin-PC" name="com.maven.selenium.SecondTest" tests="1" failures="0" timestamp="18 Nov 2017 06:59:52 GMT" time="12.714" errors="0">
  <testcase name="test2" time="12.714" classname="com.maven.selenium.SecondTest"/>
</testsuite> <!-- com.maven.selenium.SecondTest -->
